*** Using Compiler 'V6.14', folder: 'C:\Keil_v5\ARM\ARMCLANG\Bin'
Rebuild target 'Target 1'
assembling startup_TM4C123.s...
compiling system_TM4C123.c...
compiling USB_def.c...
compiling drv_main.c...
compiling drv_uDMA.c...
compiling drv_LED.c...
compiling drv_USB.c...
compiling drv_OLED.c...
compiling oledfont.c...
compiling drv_PWMOut.c...
compiling main.c...
compiling drv_EEPROM.c...
compiling drv_Receiver.c...
compiling drv_Ultrasonic.c...
Drivers/drv_OpticalFlow.c(335): warning: implicit conversion from 'long long' to 'float' changes value from 45000000000 to 44999999488 [-Wimplicit-int-float-conversion]
                                        float rotation_compensation_x = -constrain_float( get_AngularRateCtrl().y * 10000 , 45000000000 );
                                                                         ~~~~~~~~~~~~~~~                                    ^~~~~~~~~~~
Drivers/drv_OpticalFlow.c(336): warning: implicit conversion from 'long long' to 'float' changes value from 45000000000 to 44999999488 [-Wimplicit-int-float-conversion]
                                        float rotation_compensation_y = constrain_float(  get_AngularRateCtrl().x * 10000 , 45000000000 );
                                                                        ~~~~~~~~~~~~~~~                                     ^~~~~~~~~~~
2 warnings generated.
compiling drv_OpticalFlow.c...
compiling drv_GPS.c...
compiling Sensors.c...
compiling drv_Sensors.c...
compiling drv_SDI.c...
compiling drv_Uart2.c...
compiling Receiver.c...
compiling drv_SDI2.c...
compiling Basic.c...
compiling vector_3.c...
compiling STS.c...
compiling drv_ADC.c...
compiling Filters_Butter.c...
compiling Quaternion.c...
compiling OLED_Screens.c...
compiling Mavlink.c...
compiling MS_main.c...
compiling Configurations.c...
compiling M00_init.c...
compiling M01_Ground.c...
compiling Debug.c...
compiling Modes.c...
Communication/MavlinkSendFuncs.c(227): warning: implicit declaration of function 'OLED_Draw_Str8x6' is invalid in C99 [-Wimplicit-function-declaration]
        OLED_Draw_Str8x6(str,0,64);
        ^
Communication/MavlinkSendFuncs.c(252): warning: implicit declaration of function 'OLED_Update' is invalid in C99 [-Wimplicit-function-declaration]
        OLED_Update();
        ^
Communication/MavlinkSendFuncs.c(278): warning: implicit declaration of function 'OLED_Update' is invalid in C99 [-Wimplicit-function-declaration]
        OLED_Update();
        ^
3 warnings generated.
compiling MavlinkSendFuncs.c...
compiling MavlinkCMDProcess.c...
compiling M30_Att.c...
compiling M32_PosCtrl.c...
Communication/MavlinkRCProcess.c(424): warning: implicit declaration of function 'OLED_Draw_Str8x6' is invalid in C99 [-Wimplicit-function-declaration]
        OLED_Draw_Str8x6(str,3,0);
        ^
Communication/MavlinkRCProcess.c(466): warning: implicit declaration of function 'OLED_Update' is invalid in C99 [-Wimplicit-function-declaration]
        OLED_Update();
        ^
2 warnings generated.
compiling MavlinkRCProcess.c...
compiling CommuLink.c...
compiling Ctrl_main.c...
compiling M10_RCCalib.c...
compiling M15_HorizontalCalib.c...
compiling M35_Auto1.c...
compiling BayesFunctions.c...
compiling M12_AccCalib.c...
compiling M13_MagCalib.c...
compiling M36_MAVLINK.c...
compiling ControllerFunctions.c...
compiling ComplexMathFunctions.c...
compiling NavCmdProcess.c...
compiling FastMathFunctions.c...
compiling ctrl_Position.c...
compiling BasicMathFunctions.c...
compiling SVMFunctions.c...
compiling DistanceFunctions.c...
ControlSystem/ctrl_Attitude.c(360): warning: enumeration values 'Attitude_ControlMode_AngularRate' and 'Attitude_ControlMode_Locking' not handled in switch [-Wswitch]
        switch( RollPitch_ControlMode )
                ^
1 warning generated.
compiling ctrl_Attitude.c...
compiling StatisticsFunctions.c...
compiling CommonTables.c...
compiling SupportFunctions.c...
compiling MatrixFunctions.c...
compiling TransformFunctions.c...
compiling FilteringFunctions.c...
linking...
Program Size: Code=175768 RO-data=19524 RW-data=1644 ZI-data=30356  
FromELF: creating hex file...
".\Objects\ACFly EDU.axf" - 0 Error(s), 8 Warning(s).
Build Time Elapsed:  00:00:16
